==== 15/04/2026 21:28:25.34 ==== 
Running Brialert feed update... 
Loaded 8 pending source request(s). Manual approval required before activation.
Source failed: city-of-london-police-news [rss/incidents] - HTTP 403
Source failed: british-transport-police-news [rss/incidents] - HTTP 403
Source failed: ct-policing-uk-rss-feed [rss/incidents] - Blocked by anti-bot protection
Source failed: unsc-consolidated-list [rss/sanctions] - Blocked by anti-bot protection
Unclassified source failure category: thames-valley-police-news-html [html/incidents] - Playwright fallback unavailable: install optional dependency "playwright" to enable browser fallback
Source failed: thames-valley-police-news-html [html/incidents] - Playwright fallback unavailable: install optional dependency "playwright" to enable browser fallback
Unclassified source failure category: warwickshire-police-news [html/incidents] - Playwright fallback unavailable: install optional dependency "playwright" to enable browser fallback
Source failed: warwickshire-police-news [html/incidents] - Playwright fallback unavailable: install optional dependency "playwright" to enable browser fallback
Unclassified source failure category: west-mercia-police-news-html [html/incidents] - Playwright fallback unavailable: install optional dependency "playwright" to enable browser fallback
Source failed: west-mercia-police-news-html [html/incidents] - Playwright fallback unavailable: install optional dependency "playwright" to enable browser fallback
Unclassified source failure category: west-midlands-police-news [html/incidents] - Playwright fallback unavailable: install optional dependency "playwright" to enable browser fallback
Source failed: west-midlands-police-news [html/incidents] - Playwright fallback unavailable: install optional dependency "playwright" to enable browser fallback
Source failed: west-yorkshire-police-news [html/incidents] - HTTP 403
Source failed: wiltshire-police-news [html/incidents] - HTTP 403
Source failed: belgian-federal-police-news [html/incidents] - HTTP 404
Source failed: ertzaintza-news [html/incidents] - HTTP 403
Source failed: finland-police-news [html/incidents] - Blocked by anti-bot protection
Source failed: german-bka-press [html/incidents] - HTTP 404
Source failed: guardia-civil-news [html/incidents] - HTTP 404
Source failed: french-gendarmerie-news [html/incidents] - HTTP 403
Source failed: french-police-nationale-news [html/incidents] - HTTP 403
Source failed: city-of-london-police-news-html [html/incidents] - HTTP 403
Source failed: city-of-london-police-newsroom [html/incidents] - fetch failed
Source failed: ct-policing-london [html/incidents] - Blocked by anti-bot protection
Source failed: bedfordshire-police-news [html/incidents] - HTTP 403
Source failed: bedfordshire-police-news-search [html/incidents] - HTTP 403
Source failed: btp-british-transport-police-news-html [html/incidents] - HTTP 403
Source failed: cheshire-police-news [html/incidents] - HTTP 403
Source failed: cps-news-centre [html/incidents] - Blocked by anti-bot protection
Source failed: ct-policing-north-west [html/incidents] - Blocked by anti-bot protection
Source failed: ct-policing-uk-latest-news [html/incidents] - Blocked by anti-bot protection
Source failed: portugal-psp-news [html/incidents] - fetch failed
^C==== 15/04/2026 21:30:08.50 ==== 
Running Brialert feed update... 
Loaded 8 pending source request(s). Manual approval required before activation.
Source failed: city-of-london-police-news [rss/incidents] - HTTP 403
Source failed: british-transport-police-news [rss/incidents] - HTTP 403
Source failed: ct-policing-uk-rss-feed [rss/incidents] - Blocked by anti-bot protection
Unclassified source failure category: thames-valley-police-news-html [html/incidents] - Playwright fallback unavailable: install optional dependency "playwright" to enable browser fallback
Source failed: thames-valley-police-news-html [html/incidents] - Playwright fallback unavailable: install optional dependency "playwright" to enable browser fallback
Unclassified source failure category: warwickshire-police-news [html/incidents] - Playwright fallback unavailable: install optional dependency "playwright" to enable browser fallback
Source failed: warwickshire-police-news [html/incidents] - Playwright fallback unavailable: install optional dependency "playwright" to enable browser fallback
Unclassified source failure category: west-mercia-police-news-html [html/incidents] - Playwright fallback unavailable: install optional dependency "playwright" to enable browser fallback
Source failed: west-mercia-police-news-html [html/incidents] - Playwright fallback unavailable: install optional dependency "playwright" to enable browser fallback
Unclassified source failure category: west-midlands-police-news [html/incidents] - Playwright fallback unavailable: install optional dependency "playwright" to enable browser fallback
Source failed: west-midlands-police-news [html/incidents] - Playwright fallback unavailable: install optional dependency "playwright" to enable browser fallback
Source failed: west-yorkshire-police-news [html/incidents] - HTTP 403
^C==== 15/04/2026 21:31:07.12 ==== 
Running Brialert feed update... 
Loaded 8 pending source request(s). Manual approval required before activation.
Source failed: city-of-london-police-news [rss/incidents] - HTTP 403
Source failed: british-transport-police-news [rss/incidents] - HTTP 403
Source failed: ct-policing-uk-rss-feed [rss/incidents] - Blocked by anti-bot protection
Unclassified source failure category: thames-valley-police-news-html [html/incidents] - Playwright fallback unavailable: install optional dependency "playwright" to enable browser fallback
Source failed: thames-valley-police-news-html [html/incidents] - Playwright fallback unavailable: install optional dependency "playwright" to enable browser fallback
Unclassified source failure category: warwickshire-police-news [html/incidents] - Playwright fallback unavailable: install optional dependency "playwright" to enable browser fallback
Source failed: warwickshire-police-news [html/incidents] - Playwright fallback unavailable: install optional dependency "playwright" to enable browser fallback
Unclassified source failure category: west-mercia-police-news-html [html/incidents] - Playwright fallback unavailable: install optional dependency "playwright" to enable browser fallback
Source failed: west-mercia-police-news-html [html/incidents] - Playwright fallback unavailable: install optional dependency "playwright" to enable browser fallback
Unclassified source failure category: west-yorkshire-police-news [html/incidents] - Playwright fallback unavailable: install optional dependency "playwright" to enable browser fallback
Source failed: west-yorkshire-police-news [html/incidents] - Playwright fallback unavailable: install optional dependency "playwright" to enable browser fallback
Source failed: west-midlands-police-news [html/incidents] - HTTP 403
Source failed: wiltshire-police-news [html/incidents] - HTTP 403
Source failed: belgian-federal-police-news [html/incidents] - HTTP 404
Source failed: ertzaintza-news [html/incidents] - HTTP 403
Source failed: finland-police-news [html/incidents] - Blocked by anti-bot protection
Source failed: guardia-civil-news [html/incidents] - HTTP 404
Source failed: french-gendarmerie-news [html/incidents] - HTTP 403
Source failed: french-police-nationale-news [html/incidents] - HTTP 403
Source failed: city-of-london-police-news-html [html/incidents] - HTTP 403
Source failed: city-of-london-police-newsroom [html/incidents] - fetch failed
Source failed: german-bka-press [html/incidents] - fetch failed
Source failed: ct-policing-london [html/incidents] - Blocked by anti-bot protection
Source failed: german-bka-press-releases-de [html/incidents] - fetch failed
Source failed: bedfordshire-police-news [html/incidents] - HTTP 403
Source failed: bedfordshire-police-news-search [html/incidents] - HTTP 403
Source failed: btp-british-transport-police-news-html [html/incidents] - HTTP 403
Source failed: cheshire-police-news [html/incidents] - HTTP 403
Source failed: cps-news-centre [html/incidents] - Blocked by anti-bot protection
Source failed: ct-policing-north-west [html/incidents] - Blocked by anti-bot protection
Source failed: portugal-psp-news [html/incidents] - fetch failed
Source failed: ct-policing-uk-latest-news [html/incidents] - Blocked by anti-bot protection
Source failed: cumbria-police-news [html/incidents] - HTTP 403
Source failed: devon-and-cornwall-police-newsroom [html/incidents] - Blocked by anti-bot protection
Source failed: devon-cornwall-police-news [html/incidents] - HTTP 403
Source failed: dorset-police-news [html/incidents] - HTTP 403
Source failed: fra-rss [rss/oversight] - Blocked by anti-bot protection
Source failed: ncsc-nl-rss [rss/prevention] - Blocked by blocked access page
Source failed: unsc-consolidated-list [rss/sanctions] - Blocked by anti-bot protection
Source failed: bromley-council-news [rss/context] - HTTP 404
Source failed: mayor-of-london-press-releases [rss/context] - HTTP 404
Source failed: westminster-city-council-news [rss/context] - HTTP 404
Source failed: tfl-press-releases [rss/context] - HTTP 404
Source failed: southwark-newsroom [rss/context] - fetch failed
^C==== 15/04/2026 21:32:19.08 ==== 
Running Brialert feed update... 
Loaded 8 pending source request(s). Manual approval required before activation.
Source failed: city-of-london-police-news [rss/incidents] - HTTP 403
Source failed: british-transport-police-news [rss/incidents] - HTTP 403
Source failed: ct-policing-uk-rss-feed [rss/incidents] - Blocked by anti-bot protection
Source failed: fbi-stories [rss/context] - HTTP 403
Unclassified source failure category: thames-valley-police-news-html [html/incidents] - Playwright fallback unavailable: install optional dependency "playwright" to enable browser fallback
Source failed: thames-valley-police-news-html [html/incidents] - Playwright fallback unavailable: install optional dependency "playwright" to enable browser fallback
Unclassified source failure category: warwickshire-police-news [html/incidents] - Playwright fallback unavailable: install optional dependency "playwright" to enable browser fallback
Source failed: warwickshire-police-news [html/incidents] - Playwright fallback unavailable: install optional dependency "playwright" to enable browser fallback
Unclassified source failure category: west-mercia-police-news-html [html/incidents] - Playwright fallback unavailable: install optional dependency "playwright" to enable browser fallback
Source failed: west-mercia-police-news-html [html/incidents] - Playwright fallback unavailable: install optional dependency "playwright" to enable browser fallback
Unclassified source failure category: west-midlands-police-news [html/incidents] - Playwright fallback unavailable: install optional dependency "playwright" to enable browser fallback
Source failed: west-midlands-police-news [html/incidents] - Playwright fallback unavailable: install optional dependency "playwright" to enable browser fallback
Source failed: west-yorkshire-police-news [html/incidents] - HTTP 403
Source failed: wiltshire-police-news [html/incidents] - HTTP 403
Source failed: belgian-federal-police-news [html/incidents] - HTTP 404
Source failed: ertzaintza-news [html/incidents] - HTTP 403
Source failed: finland-police-news [html/incidents] - Blocked by anti-bot protection
Source failed: guardia-civil-news [html/incidents] - HTTP 404
Source failed: french-gendarmerie-news [html/incidents] - HTTP 403
Source failed: french-police-nationale-news [html/incidents] - HTTP 403
Source failed: german-bka-press [html/incidents] - fetch failed
Source failed: german-bka-press-releases-de [html/incidents] - fetch failed
Source failed: city-of-london-police-news-html [html/incidents] - HTTP 403
Source failed: ct-policing-london [html/incidents] - Blocked by anti-bot protection
Source failed: city-of-london-police-newsroom [html/incidents] - fetch failed
Source failed: bedfordshire-police-news [html/incidents] - HTTP 403
Source failed: bedfordshire-police-news-search [html/incidents] - HTTP 403
Source failed: btp-british-transport-police-news-html [html/incidents] - HTTP 403
Source failed: cheshire-police-news [html/incidents] - HTTP 403
Source failed: ct-policing-north-west [html/incidents] - Blocked by anti-bot protection
Source failed: cps-news-centre [html/incidents] - Blocked by anti-bot protection
Source failed: ct-policing-uk-latest-news [html/incidents] - Blocked by anti-bot protection
Source failed: cumbria-police-news [html/incidents] - HTTP 403
Source failed: devon-and-cornwall-police-newsroom [html/incidents] - Blocked by anti-bot protection
Source failed: devon-cornwall-police-news [html/incidents] - HTTP 403
Source failed: dorset-police-news [html/incidents] - HTTP 403
Source failed: portugal-psp-news [html/incidents] - fetch failed
Source failed: fra-rss [rss/oversight] - Blocked by anti-bot protection
Source failed: ncsc-nl-rss [rss/prevention] - Blocked by blocked access page
Source failed: unsc-consolidated-list [rss/sanctions] - Blocked by anti-bot protection
Source failed: bromley-council-news [rss/context] - HTTP 404
Source failed: tfl-press-releases [rss/context] - HTTP 404
Source failed: mayor-of-london-press-releases [rss/context] - HTTP 404
Source failed: southwark-newsroom [rss/context] - fetch failed
Source failed: westminster-city-council-news [rss/context] - HTTP 404
Source failed: mi5-news [rss/context] - HTTP 403
Source failed: london-assembly-press-releases [rss/oversight] - HTTP 404
Source failed: mi5-news-rss-direct [rss/context] - HTTP 403
Source failed: lords-in-focus-rss [rss/oversight] - HTTP 403
Source failed: lords-library-notes-rss [rss/oversight] - HTTP 403
Source failed: euractiv-security-rss [rss/context] - HTTP 403
Source failed: rte-ireland-news-rss [rss/context] - HTTP 404
Source failed: ap-top-news [rss/context] - HTTP 401
Source failed: chatham-house-rss [rss/context] - HTTP 403
Source failed: crisis-group-europe [rss/context] - HTTP 403
Source failed: long-war-journal [rss/context] - Blocked by anti-bot protection
Source failed: lawfare-blog [rss/context] - HTTP 403
Source failed: durham-constabulary-news [html/incidents] - HTTP 403
Source failed: dorset-police-newsroom [html/incidents] - Blocked by anti-bot protection
Source failed: dyfed-powys-police-news [html/incidents] - HTTP 403
Source failed: essex-police-news-html [html/incidents] - HTTP 403
Source failed: gmp-news [html/incidents] - HTTP 403
Source failed: greater-manchester-police-news [html/incidents] - HTTP 403
Source failed: gwent-police-news [html/incidents] - HTTP 403
Source failed: hampshire-police-news [html/incidents] - HTTP 403
Source failed: hertfordshire-police-news [html/incidents] - HTTP 403
Source failed: kent-police-news-html [html/incidents] - HTTP 403
Source failed: lancashire-constabulary-news [html/incidents] - HTTP 403
Source failed: leicestershire-police-news [html/incidents] - HTTP 403
Source failed: merseyside-police-news-html [html/incidents] - HTTP 403
Source failed: norfolk-constabulary-news [html/incidents] - HTTP 403
Source failed: north-yorkshire-police-news-html [html/incidents] - HTTP 403
Source failed: northamptonshire-police-news-html [html/incidents] - HTTP 403
Source failed: northumbria-police-northumbria-news [html/incidents] - HTTP 403
Source failed: nottinghamshire-police-news [html/incidents] - HTTP 403
Source failed: northumbria-police-news [html/incidents] - fetch failed
Source failed: nottinghamshire-police-nottinghamshire-news [html/incidents] - HTTP 403
Source failed: psni-news [html/incidents] - HTTP 403
Source failed: south-wales-police-news [html/incidents] - HTTP 403
Source failed: south-yorkshire-police-news [html/incidents] - HTTP 403
Source failed: staffordshire-police-staffordshire-news [html/incidents] - HTTP 403
Source failed: suffolk-constabulary-news [html/incidents] - HTTP 403
Source failed: sussex-police-news [html/incidents] - HTTP 403
Source failed: thames-valley-police-news [html/incidents] - HTTP 403
Source failed: supo-fi-english [html/prevention] - Blocked by anti-bot protection
Source failed: ct-policing-prevent-programme [html/prevention] - Blocked by anti-bot protection
Source failed: europol-eu-iru [html/prevention] - Blocked by anti-bot protection
Source failed: nctv-nl-english [html/prevention] - HTTP 404
Source failed: ran-network [html/prevention] - fetch failed
Source failed: ct-policing-what-you-can-do [html/prevention] - Blocked by anti-bot protection
Source failed: pet-dk-english [html/prevention] - fetch failed
Source failed: mi5-terrorism-threat-levels [html/prevention] - HTTP 403
Source failed: northamptonshire-talking [html/prevention] - Blocked by anti-bot protection
Source failed: npsa-blog [html/prevention] - HTTP 403
Source failed: npsa-blog-news [html/prevention] - Blocked by anti-bot protection
Source failed: protectuk [html/prevention] - Blocked by anti-bot protection
Source failed: stay-in-the-know-latest-alerts [html/prevention] - Blocked by anti-bot protection
Source failed: uk-ncsc-homepage [html/prevention] - Blocked by anti-bot protection
Source failed: police-ombudsman-current-investigations [html/oversight] - HTTP 403
Source failed: enisa-news [html/context] - Blocked by anti-bot protection
Source failed: enisa-rss-transition-page [html/context] - Blocked by anti-bot protection
Source failed: eurojust-press-news-html [html/context] - Blocked by anti-bot protection
Source failed: europol-media-press [html/context] - Blocked by anti-bot protection
Source failed: europol-newsroom-html [html/context] - Blocked by anti-bot protection
Source failed: finland-supo-news [html/context] - Blocked by anti-bot protection
Unhandled source failure reason mapped to timeout-or-aborted: http-error (german-interior-ministry-press)
Source failed: german-interior-ministry-press [html/context] - HTTP 400
Source failed: spain-interior-ministry-news [html/context] - fetch failed
Source failed: eu-council-fight-against-terrorism [html/oversight] - HTTP 403
Source failed: eu-council-press-releases-html [html/oversight] - HTTP 403
Source failed: eu-ct-coordinator [html/oversight] - HTTP 403
Source failed: eu-fra-rss [html/oversight] - Blocked by anti-bot protection
Source failed: eurojust-rss-feeds-page [html/oversight] - Blocked by anti-bot protection
Source failed: europol-tesat-report [html/oversight] - Blocked by anti-bot protection
Source failed: eu-council-terrorism-sanctions [html/sanctions] - HTTP 403
Source failed: unhcr-europe-news [html/border] - HTTP 403
Source failed: french-interior-ministry-news [html/context] - HTTP 403
Source failed: netherlands-prosecution-news [html/oversight] - Blocked by anti-bot protection
Source failed: iom-news [html/border] - Blocked by anti-bot protection
Source failed: unodc-news [html/context] - HTTP 404
Source failed: gctf-news [html/oversight] - HTTP 404
Source failed: fatf-news [html/sanctions] - HTTP 403
Source failed: interpol-notices [html/sanctions] - HTTP 403
Source failed: unsc-1267-press-releases [html/sanctions] - Blocked by anti-bot protection
Source failed: unsc-counter-terrorism-committee [html/oversight] - Blocked by anti-bot protection
Source failed: barts-health-news [html/context] - HTTP 404
Source failed: city-of-london-police-fraud-reporting [html/context] - HTTP 403
Source failed: cnwl-news [html/context] - Blocked by anti-bot protection
Source failed: east-london-nhs-news [html/context] - Blocked by anti-bot protection
Source failed: enfield-council-news [html/context] - HTTP 403
Source failed: haringey-council-news [html/context] - fetch failed
Source failed: harrow-council-news [html/context] - Blocked by anti-bot protection
Source failed: heathrow-media-centre [html/context] - Blocked by anti-bot protection
Source failed: imperial-healthcare-news [html/context] - Blocked by anti-bot protection
Source failed: lewisham-council-news [html/context] - fetch failed
Source failed: london-city-airport-media-centre [html/context] - HTTP 403
Source failed: london-ambulance-news [html/context] - Blocked by anti-bot protection
Source failed: london-councils-news [html/context] - Blocked by anti-bot protection
Source failed: london-fire-brigade-news [html/context] - Blocked by anti-bot protection
Source failed: london-gov-home [html/context] - Blocked by anti-bot protection
Source failed: nhs-london-ncl-news [html/context] - Blocked by anti-bot protection
Source failed: north-middlesex-news [html/context] - HTTP 403
Source failed: port-of-london-authority-news [html/context] - Blocked by anti-bot protection
Source failed: royal-free-london-news [html/context] - HTTP 403
Source failed: slam-news [html/context] - HTTP 404
Source failed: tavistock-portman-news [html/context] - Blocked by anti-bot protection
Source failed: mopac-html [html/oversight] - Blocked by anti-bot protection
^C==== 15/04/2026 21:48:15.89 ==== 
Running Brialert feed update... 
Loaded 8 pending source request(s). Manual approval required before activation.
Source failed: city-of-london-police-news [rss/incidents] - HTTP 403
Source failed: british-transport-police-news [rss/incidents] - HTTP 403
Source failed: ct-policing-uk-rss-feed [rss/incidents] - Blocked by anti-bot protection
Unclassified source failure category: thames-valley-police-news-html [html/incidents] - Playwright fallback unavailable: install optional dependency "playwright" to enable browser fallback
Source failed: thames-valley-police-news-html [html/incidents] - Playwright fallback unavailable: install optional dependency "playwright" to enable browser fallback
Unclassified source failure category: warwickshire-police-news [html/incidents] - Playwright fallback unavailable: install optional dependency "playwright" to enable browser fallback
Source failed: warwickshire-police-news [html/incidents] - Playwright fallback unavailable: install optional dependency "playwright" to enable browser fallback
Unclassified source failure category: west-mercia-police-news-html [html/incidents] - Playwright fallback unavailable: install optional dependency "playwright" to enable browser fallback
Source failed: west-mercia-police-news-html [html/incidents] - Playwright fallback unavailable: install optional dependency "playwright" to enable browser fallback
Unclassified source failure category: west-midlands-police-news [html/incidents] - Playwright fallback unavailable: install optional dependency "playwright" to enable browser fallback
Source failed: west-midlands-police-news [html/incidents] - Playwright fallback unavailable: install optional dependency "playwright" to enable browser fallback
Source failed: west-yorkshire-police-news [html/incidents] - HTTP 403
Source failed: wiltshire-police-news [html/incidents] - HTTP 403
Source failed: ertzaintza-news [html/incidents] - HTTP 403
Source failed: belgian-federal-police-news [html/incidents] - HTTP 404
Source failed: german-bka-press [html/incidents] - HTTP 404
Source failed: finland-police-news [html/incidents] - Blocked by anti-bot protection
Source failed: guardia-civil-news [html/incidents] - HTTP 404
Source failed: french-gendarmerie-news [html/incidents] - HTTP 403
Source failed: french-police-nationale-news [html/incidents] - HTTP 403
Source failed: city-of-london-police-news-html [html/incidents] - HTTP 403
Source failed: ct-policing-london [html/incidents] - Blocked by anti-bot protection
Source failed: city-of-london-police-newsroom [html/incidents] - fetch failed
Source failed: bedfordshire-police-news [html/incidents] - HTTP 403
Source failed: bedfordshire-police-news-search [html/incidents] - HTTP 403
Source failed: btp-british-transport-police-news-html [html/incidents] - HTTP 403
Source failed: cheshire-police-news [html/incidents] - HTTP 403
Source failed: cps-news-centre [html/incidents] - Blocked by anti-bot protection
Source failed: ct-policing-north-west [html/incidents] - Blocked by anti-bot protection
Source failed: portugal-psp-news [html/incidents] - fetch failed
Source failed: ct-policing-uk-latest-news [html/incidents] - Blocked by anti-bot protection
Source failed: cumbria-police-news [html/incidents] - HTTP 403
Source failed: devon-and-cornwall-police-newsroom [html/incidents] - Blocked by anti-bot protection
Source failed: devon-cornwall-police-news [html/incidents] - HTTP 403
Source failed: dorset-police-news [html/incidents] - HTTP 403
Source failed: fra-rss [rss/oversight] - Blocked by anti-bot protection
Source failed: ncsc-nl-rss [rss/prevention] - Blocked by blocked access page
Source failed: unsc-consolidated-list [rss/sanctions] - Blocked by anti-bot protection
Source failed: bromley-council-news [rss/context] - HTTP 404
Source failed: mayor-of-london-press-releases [rss/context] - HTTP 404
Source failed: tfl-press-releases [rss/context] - HTTP 404
Source failed: westminster-city-council-news [rss/context] - HTTP 404
Source failed: southwark-newsroom [rss/context] - fetch failed
Source failed: mi5-news [rss/context] - HTTP 403
Source failed: london-assembly-press-releases [rss/oversight] - HTTP 404
Source failed: mi5-news-rss-direct [rss/context] - HTTP 403
Source failed: lords-in-focus-rss [rss/oversight] - HTTP 403
Source failed: lords-library-notes-rss [rss/oversight] - HTTP 403
Source failed: fbi-stories [rss/context] - HTTP 403
